Symbol range map extraction starting
Processing 11 files
startProcessing "com\treehawkmods\agexpreborn\AgExpReborn.java" md5: b3e0a23fae3e219988c1c15a348c75b6
Cache Hit!
endProcessing "com\treehawkmods\agexpreborn\AgExpReborn.java"

startProcessing "com\treehawkmods\agexpreborn\ClientProxy.java" md5: bfb3161b207b49abc323b4cd8b9b0376
Cache Hit!
endProcessing "com\treehawkmods\agexpreborn\ClientProxy.java"

startProcessing "com\treehawkmods\agexpreborn\CommonProxy.java" md5: 0fdb47428887580299eef5bca4025421
Cache Hit!
endProcessing "com\treehawkmods\agexpreborn\CommonProxy.java"

startProcessing "com\treehawkmods\agexpreborn\ModTab.java" md5: 91732216a3a4842ec81dcfa547cc1ea3
Cache Hit!
endProcessing "com\treehawkmods\agexpreborn\ModTab.java"

startProcessing "com\treehawkmods\agexpreborn\ServerProxy.java" md5: 07e979415d76149c3a575fd94f01a55d
Cache Hit!
endProcessing "com\treehawkmods\agexpreborn\ServerProxy.java"

startProcessing "com\treehawkmods\agexpreborn\crops\ModBlocks.java" md5: 9ccc8bca929b47687efc70827088e4d4
Cache Hit!
endProcessing "com\treehawkmods\agexpreborn\crops\ModBlocks.java"

startProcessing "com\treehawkmods\agexpreborn\crops\ModCrop.java" md5: 0b528c11611f32fc9016fb8f29b99bf1
Cache Hit!
endProcessing "com\treehawkmods\agexpreborn\crops\ModCrop.java"

startProcessing "com\treehawkmods\agexpreborn\crops\ModCrops.java" md5: f3d13c4b6ff4cec5f3620a38f18be898
Cache Hit!
endProcessing "com\treehawkmods\agexpreborn\crops\ModCrops.java"

startProcessing "com\treehawkmods\agexpreborn\crops\ModItem.java" md5: 0f18afd822a08d833ccbcd081b2e83a1
Cache Hit!
endProcessing "com\treehawkmods\agexpreborn\crops\ModItem.java"

startProcessing "com\treehawkmods\agexpreborn\crops\ModItems.java" md5: c68fa2effa06c12d8071333686bf508e
Cache Hit!
endProcessing "com\treehawkmods\agexpreborn\crops\ModItems.java"

startProcessing "com\treehawkmods\agexpreborn\crops\ModSeed.java" md5: 1e97da165d6727b116a9ac3794989a81
Cache Hit!
endProcessing "com\treehawkmods\agexpreborn\crops\ModSeed.java"

