[20:01:53] [main/INFO]: Setting user: Player456
[20:01:56] [main/WARN]: Skipping bad option: lastServer:
[20:01:56] [main/INFO]: LWJGL Version: 2.9.4
[20:01:59] [main/INFO]: Reloading ResourceManager: Default, FMLFileResourcePack:Forge Mod Loader, FMLFileResourcePack:Minecraft Forge, FMLFileResourcePack:Agricultural Expansion Reborn
[20:02:01] [Sound Library Loader/INFO]: Starting up SoundSystem...
[20:02:02] [Thread-5/INFO]: Initializing LWJGL OpenAL
[20:02:02] [Thread-5/INFO]: (The LWJGL binding of OpenAL.  For more information, see http://www.lwjgl.org)
[20:02:02] [Thread-5/INFO]: OpenAL initialized.
[20:02:02] [Sound Library Loader/INFO]: Sound engine started
[20:02:05] [main/INFO]: Created: 1024x512 textures-atlas
[20:02:07] [main/WARN]: Skipping bad option: lastServer:
[20:02:07] [main/INFO]: Narrator library for x64 successfully loaded
[20:02:08] [Realms Notification Availability checker #1/INFO]: Could not authorize you against Realms server: Invalid session id
[20:02:12] [Server thread/INFO]: Starting integrated minecraft server version 1.12.2
[20:02:12] [Server thread/INFO]: Generating keypair
[20:02:13] [Server thread/INFO]: Loaded 488 advancements
[20:02:13] [Server thread/INFO]: Preparing start region for level 0
[20:02:14] [Server thread/INFO]: Changing view distance to 12, from 10
[20:02:15] [Server thread/INFO]: Player456[local:E:6598a711] logged in with entity id 225 at (-972.9094510749228, 4.0, 120.2241973733216)
[20:02:15] [Server thread/INFO]: Player456 joined the game
[20:02:17] [Server thread/INFO]: Saving and pausing game...
[20:02:17] [Server thread/INFO]: Saving chunks for level 'New World'/overworld
[20:02:17] [Server thread/INFO]: Saving chunks for level 'New World'/the_nether
[20:02:17] [Server thread/INFO]: Saving chunks for level 'New World'/the_end
[20:02:17] [pool-2-thread-1/WARN]: Couldn't look up profile properties for com.mojang.authlib.GameProfile@1dcc7b92[id=0c8f54b5-758c-3933-9675-7dfb411a82a2,name=Player456,properties={},legacy=false]
com.mojang.authlib.exceptions.AuthenticationException: The client has sent too many requests within a certain amount of time
	at com.mojang.authlib.yggdrasil.YggdrasilAuthenticationService.makeRequest(YggdrasilAuthenticationService.java:79) ~[YggdrasilAuthenticationService.class:?]
	at com.mojang.authlib.yggdrasil.YggdrasilMinecraftSessionService.fillGameProfile(YggdrasilMinecraftSessionService.java:180) [YggdrasilMinecraftSessionService.class:?]
	at com.mojang.authlib.yggdrasil.YggdrasilMinecraftSessionService$1.load(YggdrasilMinecraftSessionService.java:60) [YggdrasilMinecraftSessionService$1.class:?]
	at com.mojang.authlib.yggdrasil.YggdrasilMinecraftSessionService$1.load(YggdrasilMinecraftSessionService.java:57) [YggdrasilMinecraftSessionService$1.class:?]
	at com.google.common.cache.LocalCache$LoadingValueReference.loadFuture(LocalCache.java:3716) [guava-21.0.jar:?]
	at com.google.common.cache.LocalCache$Segment.loadSync(LocalCache.java:2424) [guava-21.0.jar:?]
	at com.google.common.cache.LocalCache$Segment.lockedGetOrLoad(LocalCache.java:2298) [guava-21.0.jar:?]
	at com.google.common.cache.LocalCache$Segment.get(LocalCache.java:2211) [guava-21.0.jar:?]
	at com.google.common.cache.LocalCache.get(LocalCache.java:4154) [guava-21.0.jar:?]
	at com.google.common.cache.LocalCache.getOrLoad(LocalCache.java:4158) [guava-21.0.jar:?]
	at com.google.common.cache.LocalCache$LocalLoadingCache.get(LocalCache.java:5147) [guava-21.0.jar:?]
	at com.google.common.cache.LocalCache$LocalLoadingCache.getUnchecked(LocalCache.java:5153) [guava-21.0.jar:?]
	at com.mojang.authlib.yggdrasil.YggdrasilMinecraftSessionService.fillProfileProperties(YggdrasilMinecraftSessionService.java:170) [YggdrasilMinecraftSessionService.class:?]
	at net.minecraft.client.Minecraft.getProfileProperties(Minecraft.java:3188) [Minecraft.class:?]
	at net.minecraft.client.resources.SkinManager$3.run(SkinManager.java:138) [SkinManager$3.class:?]
	at java.util.concurrent.Executors$RunnableAdapter.call(Executors.java:511) [?:1.8.0_162]
	at java.util.concurrent.FutureTask.run(FutureTask.java:266) [?:1.8.0_162]
	at java.util.concurrent.ThreadPoolExecutor.runWorker(ThreadPoolExecutor.java:1149) [?:1.8.0_162]
	at java.util.concurrent.ThreadPoolExecutor$Worker.run(ThreadPoolExecutor.java:624) [?:1.8.0_162]
	at java.lang.Thread.run(Thread.java:748) [?:1.8.0_162]
[20:02:18] [main/WARN]: Unable to play empty soundEvent: minecraft:entity.small_slime.squish
[20:02:18] [main/WARN]: Unable to play empty soundEvent: minecraft:entity.small_slime.jump
[20:03:43] [main/INFO]: Loaded 8 advancements
[20:04:21] [Server thread/INFO]: [Player456: Set own game mode to Survival Mode]
[20:04:21] [main/INFO]: [CHAT] Your game mode has been updated to Survival Mode
[20:04:25] [main/INFO]: Loaded 9 advancements
[20:04:53] [Server thread/INFO]: [Player456: Set own game mode to Creative Mode]
[20:04:53] [main/INFO]: [CHAT] Your game mode has been updated to Creative Mode
[20:05:13] [Server thread/INFO]: Saving and pausing game...
[20:05:13] [Server thread/INFO]: Saving chunks for level 'New World'/overworld
[20:05:13] [Server thread/INFO]: Saving chunks for level 'New World'/the_nether
[20:05:13] [Server thread/INFO]: Saving chunks for level 'New World'/the_end
[20:05:14] [Server thread/INFO]: Stopping server
[20:05:14] [Server thread/INFO]: Saving players
[20:05:14] [Server thread/INFO]: Player456 lost connection: Disconnected
[20:05:14] [Server thread/INFO]: Player456 left the game
[20:05:14] [Server thread/INFO]: Stopping singleplayer server as player logged out
[20:05:14] [Server thread/INFO]: Saving worlds
[20:05:14] [Server thread/INFO]: Saving chunks for level 'New World'/overworld
[20:05:14] [Server thread/INFO]: Saving chunks for level 'New World'/the_nether
[20:05:14] [Server thread/INFO]: Saving chunks for level 'New World'/the_end
[20:05:17] [main/INFO]: Stopping!
[20:05:17] [main/INFO]: SoundSystem shutting down...
[20:05:17] [main/WARN]: Author: Paul Lamb, www.paulscode.com
